2021-04-15 18:36:49,034 INFO o.a.j.u.JMeterUtils: Setting Locale to zh_CN
2021-04-15 18:36:49,050 INFO o.a.j.JMeter: Loading user properties from: /home/jmeter/apache-jmeter-5.1.1/bin/user.properties
2021-04-15 18:36:49,050 INFO o.a.j.JMeter: Loading system properties from: /home/jmeter/apache-jmeter-5.1.1/bin/system.properties
2021-04-15 18:36:49,054 INFO o.a.j.JMeter: Copyright (c) 1998-2019 The Apache Software Foundation
2021-04-15 18:36:49,054 INFO o.a.j.JMeter: Version 5.1.1 r1855137
2021-04-15 18:36:49,055 INFO o.a.j.JMeter: java.version=1.8.0_282
2021-04-15 18:36:49,055 INFO o.a.j.JMeter: java.vm.name=OpenJDK 64-Bit Server VM
2021-04-15 18:36:49,055 INFO o.a.j.JMeter: os.name=Linux
2021-04-15 18:36:49,055 INFO o.a.j.JMeter: os.arch=amd64
2021-04-15 18:36:49,055 INFO o.a.j.JMeter: os.version=3.10.0-957.21.3.el7.x86_64
2021-04-15 18:36:49,055 INFO o.a.j.JMeter: file.encoding=UTF-8
2021-04-15 18:36:49,055 INFO o.a.j.JMeter: java.awt.headless=null
2021-04-15 18:36:49,055 INFO o.a.j.JMeter: Max memory     =1073741824
2021-04-15 18:36:49,055 INFO o.a.j.JMeter: Available Processors =2
2021-04-15 18:36:49,071 INFO o.a.j.JMeter: Default Locale=English (EN)
2021-04-15 18:36:49,071 INFO o.a.j.JMeter: JMeter  Locale=Chinese (China)
2021-04-15 18:36:49,071 INFO o.a.j.JMeter: JMeterHome=/home/jmeter/apache-jmeter-5.1.1
2021-04-15 18:36:49,071 INFO o.a.j.JMeter: user.dir  =/var/lib/jenkins/workspace/api-test
2021-04-15 18:36:49,071 INFO o.a.j.JMeter: PWD       =/var/lib/jenkins/workspace/api-test
2021-04-15 18:36:49,071 INFO o.a.j.JMeter: IP: 172.26.186.181 Name: iZ2ze0ucdyj75tg6m4cgw0Z FullName: iZ2ze0ucdyj75tg6m4cgw0Z
