2021-12-22 16:33:57,600 INFO o.a.j.u.JMeterUtils: Setting Locale to zh_CN
2021-12-22 16:33:57,628 INFO o.a.j.JMeter: Loading user properties from: /Users/lihu/Documents/Work/jmeter/apache-jmeter-5.1.1/bin/user.properties
2021-12-22 16:33:57,629 INFO o.a.j.JMeter: Loading system properties from: /Users/lihu/Documents/Work/jmeter/apache-jmeter-5.1.1/bin/system.properties
2021-12-22 16:33:57,634 INFO o.a.j.JMeter: Copyright (c) 1998-2019 The Apache Software Foundation
2021-12-22 16:33:57,634 INFO o.a.j.JMeter: Version 5.1.1 r1855137
2021-12-22 16:33:57,634 INFO o.a.j.JMeter: java.version=1.8.0_181
2021-12-22 16:33:57,634 INFO o.a.j.JMeter: java.vm.name=Java HotSpot(TM) 64-Bit Server VM
2021-12-22 16:33:57,634 INFO o.a.j.JMeter: os.name=Mac OS X
2021-12-22 16:33:57,635 INFO o.a.j.JMeter: os.arch=x86_64
2021-12-22 16:33:57,635 INFO o.a.j.JMeter: os.version=10.16
2021-12-22 16:33:57,635 INFO o.a.j.JMeter: file.encoding=UTF-8
2021-12-22 16:33:57,635 INFO o.a.j.JMeter: java.awt.headless=null
2021-12-22 16:33:57,635 INFO o.a.j.JMeter: Max memory     =1073741824
2021-12-22 16:33:57,635 INFO o.a.j.JMeter: Available Processors =8
2021-12-22 16:33:57,638 INFO o.a.j.JMeter: Default Locale=English (EN)
2021-12-22 16:33:57,639 INFO o.a.j.JMeter: JMeter  Locale=Chinese (China)
2021-12-22 16:33:57,639 INFO o.a.j.JMeter: JMeterHome=/Users/lihu/Documents/Work/jmeter/apache-jmeter-5.1.1
2021-12-22 16:33:57,639 INFO o.a.j.JMeter: user.dir  =/Users/lihu/.jenkins/workspace/test/html
2021-12-22 16:33:57,639 INFO o.a.j.JMeter: PWD       =/Users/lihu/.jenkins/workspace/test/html
2021-12-22 16:33:57,641 INFO o.a.j.JMeter: IP: 127.0.0.1 Name: lihudeMacBook-Pro.local FullName: localhost
2021-12-22 16:33:58,868 INFO o.a.j.g.a.LookAndFeelCommand: Installing Darcula LAF
2021-12-22 16:33:58,882 INFO o.a.j.g.a.LookAndFeelCommand: Using look and feel: com.apple.laf.AquaLookAndFeel [Darcula]
2021-12-22 16:33:58,882 INFO o.a.j.JMeter: Setting LAF to: com.apple.laf.AquaLookAndFeel
2021-12-22 16:33:58,884 INFO o.a.j.JMeter: Loaded icon properties from org/apache/jmeter/images/icon.properties
2021-12-22 16:34:00,407 INFO o.a.j.p.h.s.HTTPSamplerBase: Parser for text/html is org.apache.jmeter.protocol.http.parser.LagartoBasedHtmlParser
2021-12-22 16:34:00,408 INFO o.a.j.p.h.s.HTTPSamplerBase: Parser for application/xhtml+xml is org.apache.jmeter.protocol.http.parser.LagartoBasedHtmlParser
2021-12-22 16:34:00,408 INFO o.a.j.p.h.s.HTTPSamplerBase: Parser for application/xml is org.apache.jmeter.protocol.http.parser.LagartoBasedHtmlParser
2021-12-22 16:34:00,408 INFO o.a.j.p.h.s.HTTPSamplerBase: Parser for text/xml is org.apache.jmeter.protocol.http.parser.LagartoBasedHtmlParser
2021-12-22 16:34:00,408 INFO o.a.j.p.h.s.HTTPSamplerBase: Parser for text/vnd.wap.wml is org.apache.jmeter.protocol.http.parser.RegexpHTMLParser
2021-12-22 16:34:00,408 INFO o.a.j.p.h.s.HTTPSamplerBase: Parser for text/css is org.apache.jmeter.protocol.http.parser.CssParser
2021-12-22 16:34:01,800 INFO o.a.j.e.KeyToolUtils: keytool found at 'keytool'
2021-12-22 16:34:01,801 INFO o.a.j.p.h.p.ProxyControl: HTTP(S) Test Script Recorder SSL Proxy will use keys that support embedded 3rd party resources in file /Users/lihu/Documents/Work/jmeter/apache-jmeter-5.1.1/bin/proxyserver.jks
2021-12-22 16:34:01,948 INFO o.a.j.s.FileServer: Default base='/Users/lihu/.jenkins/workspace/test/html'
2021-12-22 16:34:02,238 INFO o.a.j.s.SampleResult: Note: Sample TimeStamps are START times
2021-12-22 16:34:02,238 INFO o.a.j.s.SampleResult: sampleresult.default.encoding is set to ISO-8859-1
2021-12-22 16:34:02,238 INFO o.a.j.s.SampleResult: sampleresult.useNanoTime=true
2021-12-22 16:34:02,238 INFO o.a.j.s.SampleResult: sampleresult.nanoThreadSleep=5000
